

              |\      _,,,--,,_
             /,`.-'`'   ._  \-;;,_
  _______ __|,4-  ) )_   .;.(__`'-'__     ___ __    _ ___ _______
 |       | '---''(_/._)-'(_\_)   |   |   |   |  |  | |   |       |
 |    _  |    ___|_     _|       |   |   |   |   |_| |   |       | __ _ _
 |   |_| |   |___  |   | |       |   |   |   |       |   |       | \ \ \ \
 |    ___|    ___| |   | |      _|   |___|   |  _    |   |      _|  \ \ \ \
 |   |   |   |___  |   | |     |_|       |   | | |   |   |     |_    ) ) ) )
 |___|   |_______| |___| |_______|_______|___|_|  |__|___|_______|  / / / /
 ==================================================================/_/_/_/

:: Built with Spring Boot :: 2.3.1.RELEASE


2022-05-24 12:48:46.438  INFO 88983 --- [           main] o.s.s.petclinic.PetClinicApplication     : Starting PetClinicApplication v2.3.1.BUILD-SNAPSHOT on vmsdt-quartier with PID 88983 (/home/becode/DockerHub/main/petclinic/target/spring-petclinic-2.3.1.BUILD-SNAPSHOT.jar started by becode in /home/becode/DockerHub/main/petclinic)
2022-05-24 12:48:46.447  INFO 88983 --- [           main] o.s.s.petclinic.PetClinicApplication     : No active profile set, falling back to default profiles: default
2022-05-24 12:48:50.382  INFO 88983 --- [           main] .s.d.r.c.RepositoryConfigurationDelegate : Bootstrapping Spring Data JPA repositories in DEFERRED mode.
2022-05-24 12:48:50.551  INFO 88983 --- [           main] .s.d.r.c.RepositoryConfigurationDelegate : Finished Spring Data repository scanning in 148ms. Found 4 JPA repository interfaces.
2022-05-24 12:48:52.468  INFO 88983 --- [           main] o.s.b.w.embedded.tomcat.TomcatWebServer  : Tomcat initialized with port(s): 8080 (http)
2022-05-24 12:48:52.497  INFO 88983 --- [           main] o.apache.catalina.core.StandardService   : Starting service [Tomcat]
2022-05-24 12:48:52.498  INFO 88983 --- [           main] org.apache.catalina.core.StandardEngine  : Starting Servlet engine: [Apache Tomcat/9.0.36]
2022-05-24 12:48:52.695  INFO 88983 --- [           main] o.a.c.c.C.[Tomcat].[localhost].[/]       : Initializing Spring embedded WebApplicationContext
2022-05-24 12:48:52.695  INFO 88983 --- [           main] w.s.c.ServletWebServerApplicationContext : Root WebApplicationContext: initialization completed in 6024 ms
2022-05-24 12:48:53.940  INFO 88983 --- [           main] org.ehcache.core.EhcacheManager          : Cache 'vets' created in EhcacheManager.
2022-05-24 12:48:53.966  INFO 88983 --- [           main] org.ehcache.jsr107.Eh107CacheManager     : Registering Ehcache MBean javax.cache:type=CacheStatistics,CacheManager=urn.X-ehcache.jsr107-default-config,Cache=vets
2022-05-24 12:48:53.978  INFO 88983 --- [           main] org.ehcache.jsr107.Eh107CacheManager     : Registering Ehcache MBean javax.cache:type=CacheStatistics,CacheManager=urn.X-ehcache.jsr107-default-config,Cache=vets
2022-05-24 12:48:54.144  INFO 88983 --- [           main] com.zaxxer.hikari.HikariDataSource       : HikariPool-1 - Starting...
2022-05-24 12:48:54.685  INFO 88983 --- [           main] com.zaxxer.hikari.HikariDataSource       : HikariPool-1 - Start completed.
2022-05-24 12:48:55.201  INFO 88983 --- [           main] o.s.s.concurrent.ThreadPoolTaskExecutor  : Initializing ExecutorService 'applicationTaskExecutor'
2022-05-24 12:48:55.387  INFO 88983 --- [         task-1] o.hibernate.jpa.internal.util.LogHelper  : HHH000204: Processing PersistenceUnitInfo [name: default]
2022-05-24 12:48:55.710  INFO 88983 --- [         task-1] org.hibernate.Version                    : HHH000412: Hibernate ORM core version 5.4.17.Final
2022-05-24 12:48:56.215  INFO 88983 --- [         task-1] o.hibernate.annotations.common.Version   : HCANN000001: Hibernate Commons Annotations {5.1.0.Final}
2022-05-24 12:48:56.779  INFO 88983 --- [         task-1] org.hibernate.dialect.Dialect            : HHH000400: Using dialect: org.hibernate.dialect.H2Dialect
2022-05-24 12:48:59.869  INFO 88983 --- [         task-1] o.h.e.t.j.p.i.JtaPlatformInitiator       : HHH000490: Using JtaPlatform implementation: [org.hibernate.engine.transaction.jta.platform.internal.NoJtaPlatform]
2022-05-24 12:48:59.888  INFO 88983 --- [         task-1] j.LocalContainerEntityManagerFactoryBean : Initialized JPA EntityManagerFactory for persistence unit 'default'
2022-05-24 12:49:00.012  INFO 88983 --- [           main] o.s.b.a.e.web.EndpointLinksResolver      : Exposing 13 endpoint(s) beneath base path '/actuator'
2022-05-24 12:49:00.106  WARN 88983 --- [           main] ConfigServletWebServerApplicationContext : Exception encountered during context initialization - cancelling refresh attempt: org.springframework.context.ApplicationContextException: Failed to start bean 'webServerStartStop'; nested exception is org.springframework.boot.web.server.PortInUseException: Port 8080 is already in use
2022-05-24 12:49:00.108  WARN 88983 --- [           main] o.s.b.f.support.DisposableBeanAdapter    : Invocation of destroy method failed on bean with name 'tomcatMetricsBinder': java.lang.NullPointerException
2022-05-24 12:49:00.112  INFO 88983 --- [           main] j.LocalContainerEntityManagerFactoryBean : Closing JPA EntityManagerFactory for persistence unit 'default'
2022-05-24 12:49:00.116  INFO 88983 --- [           main] o.s.s.concurrent.ThreadPoolTaskExecutor  : Shutting down ExecutorService 'applicationTaskExecutor'
2022-05-24 12:49:00.117  INFO 88983 --- [           main] com.zaxxer.hikari.HikariDataSource       : HikariPool-1 - Shutdown initiated...
2022-05-24 12:49:00.124  INFO 88983 --- [           main] com.zaxxer.hikari.HikariDataSource       : HikariPool-1 - Shutdown completed.
2022-05-24 12:49:00.132  INFO 88983 --- [           main] org.ehcache.core.EhcacheManager          : Cache 'vets' removed from EhcacheManager.
2022-05-24 12:49:00.151  INFO 88983 --- [           main] o.apache.catalina.core.StandardService   : Stopping service [Tomcat]
2022-05-24 12:49:00.193  INFO 88983 --- [           main] ConditionEvaluationReportLoggingListener : 

Error starting ApplicationContext. To display the conditions report re-run your application with 'debug' enabled.
2022-05-24 12:49:00.199 ERROR 88983 --- [           main] o.s.b.d.LoggingFailureAnalysisReporter   : 

***************************
APPLICATION FAILED TO START
***************************

Description:

Web server failed to start. Port 8080 was already in use.

Action:

Identify and stop the process that's listening on port 8080 or configure this application to listen on another port.

